<?xml version="1.0" encoding="UTF-8"?>
<!-- Generated by org.testng.reporters.JUnitXMLReporter -->
<testsuite ignored="0" hostname="admin-1" failures="0" tests="5" name="Default test" time="42.689" errors="0" timestamp="2020-01-20T16:46:10 IST">
  <testcase classname="com.bridgelabz.seleniumpractice.concept.TestEbay" name="TestRegEbay" time="19.937"/>
  <testcase classname="com.bridgelabz.seleniumpractice.concept.TestEbay" name="TestRegEbay" time="5.571"/>
  <testcase classname="com.bridgelabz.seleniumpractice.concept.TestEbay" name="TestRegEbay" time="5.561"/>
  <testcase classname="com.bridgelabz.seleniumpractice.concept.TestEbay" name="TestRegEbay" time="5.539"/>
  <testcase classname="com.bridgelabz.seleniumpractice.concept.TestEbay" name="TestRegEbay" time="5.573"/>
</testsuite> <!-- Default test -->
